<?xml version="1.0" encoding="UTF-8"?>
<!-- Generated by org.testng.reporters.JUnitReportReporter -->
<testsuite hostname="DESKTOP-P8351SK" failures="0" tests="1" name="dropdownboxes.AssignmentDropdown2" time="19.668" errors="0" timestamp="2023-05-19T12:33:56 IST" skipped="0">
  <testcase classname="dropdownboxes.AssignmentDropdown2" name="fbLaunch" time="19.668"/>
  <system-out/>
</testsuite> <!-- dropdownboxes.AssignmentDropdown2 -->
