<?xml version="1.0" encoding="UTF-8"?>
<!-- Generated by org.testng.reporters.JUnitReportReporter -->
<testsuite hostname="DESKTOP-P8351SK" failures="0" tests="1" name="dropdownboxes.FacebookDD" time="23.280" errors="0" timestamp="2023-05-19T16:18:13 IST" skipped="0">
  <testcase classname="dropdownboxes.FacebookDD" name="fbLaunch" time="23.280"/>
  <system-out/>
</testsuite> <!-- dropdownboxes.FacebookDD -->
