<?xml version="1.0" encoding="UTF-8"?>
<!-- Generated by org.testng.reporters.JUnitReportReporter -->
<testsuite hostname="DESKTOP-P8351SK" failures="0" tests="1" name="dropdownboxes.AssignmentDropdown3" time="21.325" errors="0" timestamp="2023-05-19T13:55:47 IST" skipped="0">
  <testcase classname="dropdownboxes.AssignmentDropdown3" name="fbLaunch" time="21.325"/>
  <system-out/>
</testsuite> <!-- dropdownboxes.AssignmentDropdown3 -->
