<?xml version="1.0" encoding="UTF-8"?>
<!-- Generated by org.testng.reporters.JUnitReportReporter -->
<testsuite hostname="DESKTOP-P8351SK" failures="0" tests="1" name="dropdownboxes.AssignmentDropdown1" time="26.567" errors="0" timestamp="2023-05-19T12:21:58 IST" skipped="0">
  <testcase classname="dropdownboxes.AssignmentDropdown1" name="countnumber" time="26.567"/>
  <system-out/>
</testsuite> <!-- dropdownboxes.AssignmentDropdown1 -->
