<?xml version="1.0" encoding="UTF-8"?>
<!-- Generated by org.testng.reporters.JUnitReportReporter -->
<testsuite hostname="DESKTOP-P8351SK" failures="0" tests="1" name="javaScriptExecutor.TestScrollBy" time="17.839" errors="0" timestamp="2023-05-19T16:38:01 IST" skipped="0">
  <testcase classname="javaScriptExecutor.TestScrollBy" name="test" time="17.839"/>
  <system-out/>
</testsuite> <!-- javaScriptExecutor.TestScrollBy -->
